smartbreathbluetooth/src/build/outputs/logs/manifest-merger-debug-report.txt
-- Merging decision tree log ---
manifest
ADDED from smartbreathbluetooth\src\AndroidManifest.xml:2:1-118:12
INJECTED from smartbreathbluetooth\src\AndroidManifest.xml:2:1-118:12
INJECTED from smartbreathbluetooth\src\AndroidManifest.xml:2:1-118:12
INJECTED from smartbreathbluetooth\src\AndroidManifest.xml:2:1-118:12
INJECTED from smartbreathbluetooth\src\AndroidManifest.xml:2:1-118:12
	package
		ADDED from smartbreathbluetooth\src\AndroidManifest.xml:3:5-34
	android:versionName
		ADDED from smartbreathbluetooth\src\AndroidManifest.xml:5:5-35
		INJECTED from smartbreathbluetooth\src\AndroidManifest.xml
		INJECTED from smartbreathbluetooth\src\AndroidManifest.xml
	xmlns:android
		ADDED from smartbreathbluetooth\src\AndroidManifest.xml:2:11-69
	android:versionCode
		ADDED from smartbreathbluetooth\src\AndroidManifest.xml:4:5-28
		INJECTED from smartbreathbluetooth\src\AndroidManifest.xml
		INJECTED from smartbreathbluetooth\src\AndroidManifest.xml
uses-feature#android.hardware.bluetooth_le
ADDED from smartbreathbluetooth\src\AndroidManifest.xml:12:5-14:35
	android:required
		ADDED from smartbreathbluetooth\src\AndroidManifest.xml:14:9-32
	android:name
		ADDED from smartbreathbluetooth\src\AndroidManifest.xml:13:9-53
uses-permission#android.permission.BLUETOOTH
ADDED from smartbreathbluetooth\src\AndroidManifest.xml:16:5-68
	android:name
		ADDED from smartbreathbluetooth\src\AndroidManifest.xml:16:22-65
uses-permission#android.permission.BLUETOOTH_ADMIN
ADDED from smartbreathbluetooth\src\AndroidManifest.xml:17:5-74
	android:name
		ADDED from smartbreathbluetooth\src\AndroidManifest.xml:17:22-71
uses-permission#android.permission.WRITE_EXTERNAL_STORAGE
ADDED from smartbreathbluetooth\src\AndroidManifest.xml:18:5-81
	android:name
		ADDED from smartbreathbluetooth\src\AndroidManifest.xml:18:22-78
uses-permission#android.permission.READ_EXTERNAL_STORAGE
ADDED from smartbreathbluetooth\src\AndroidManifest.xml:19:5-80
	android:name
		ADDED from smartbreathbluetooth\src\AndroidManifest.xml:19:22-77
uses-permission#android.permission.INTERNET
ADDED from smartbreathbluetooth\src\AndroidManifest.xml:20:5-67
	android:name
		ADDED from smartbreathbluetooth\src\AndroidManifest.xml:20:22-64
uses-permission#android.permission.ACCESS_NETWORK_STATE
ADDED from smartbreathbluetooth\src\AndroidManifest.xml:21:5-79
	android:name
		ADDED from smartbreathbluetooth\src\AndroidManifest.xml:21:22-76
application
ADDED from smartbreathbluetooth\src\AndroidManifest.xml:23:5-116:19
	android:supportsRtl
		ADDED from smartbreathbluetooth\src\AndroidManifest.xml:28:9-35
	android:label
		ADDED from smartbreathbluetooth\src\AndroidManifest.xml:27:9-41
	android:icon
		ADDED from smartbreathbluetooth\src\AndroidManifest.xml:26:9-41
	android:allowBackup
		ADDED from smartbreathbluetooth\src\AndroidManifest.xml:25:9-35
	android:theme
		ADDED from smartbreathbluetooth\src\AndroidManifest.xml:29:9-45
	android:name
		ADDED from smartbreathbluetooth\src\AndroidManifest.xml:24:9-62
service#com.cypress.cysmart.BLEConnectionServices.BluetoothLeService
ADDED from smartbreathbluetooth\src\AndroidManifest.xml:31:9-33:38
	android:enabled
		ADDED from smartbreathbluetooth\src\AndroidManifest.xml:33:13-35
	android:name
		ADDED from smartbreathbluetooth\src\AndroidManifest.xml:32:13-88
receiver#com.cypress.cysmart.OTAFirmwareUpdate.OTAResponseReceiver
ADDED from smartbreathbluetooth\src\AndroidManifest.xml:35:9-39:20
	android:name
		ADDED from smartbreathbluetooth\src\AndroidManifest.xml:35:19-72
intent-filter#action:name:com.cysmart.bluetooth.le.ACTION_OTA_DATA_AVAILABLE
ADDED from smartbreathbluetooth\src\AndroidManifest.xml:36:13-38:29
action#com.cysmart.bluetooth.le.ACTION_OTA_DATA_AVAILABLE
ADDED from smartbreathbluetooth\src\AndroidManifest.xml:37:17-93
	android:name
		ADDED from smartbreathbluetooth\src\AndroidManifest.xml:37:25-90
receiver#com.cypress.cysmart.BLEStatusReceiver
ADDED from smartbreathbluetooth\src\AndroidManifest.xml:40:9-44:20
	android:name
		ADDED from smartbreathbluetooth\src\AndroidManifest.xml:40:19-52
intent-filter#action:name:com.example.bluetooth.le.ACTION_GATT_DISCONNECTED
ADDED from smartbreathbluetooth\src\AndroidManifest.xml:41:13-43:29
action#com.example.bluetooth.le.ACTION_GATT_DISCONNECTED
ADDED from smartbreathbluetooth\src\AndroidManifest.xml:42:17-92
	android:name
		ADDED from smartbreathbluetooth\src\AndroidManifest.xml:42:25-89
activity#com.cypress.cysmart.SplashPageActivity
ADDED from smartbreathbluetooth\src\AndroidManifest.xml:46:9-57:20
	android:label
		ADDED from smartbreathbluetooth\src\AndroidManifest.xml:49:13-45
	android:configChanges
		ADDED from smartbreathbluetooth\src\AndroidManifest.xml:48:13-59
	android:theme
		ADDED from smartbreathbluetooth\src\AndroidManifest.xml:50:13-75
	android:name
		ADDED from smartbreathbluetooth\src\AndroidManifest.xml:47:13-66
intent-filter#action:name:android.intent.action.MAIN+category:name:android.intent.category.LAUNCHER
ADDED from smartbreathbluetooth\src\AndroidManifest.xml:51:13-56:29
action#android.intent.action.MAIN
ADDED from smartbreathbluetooth\src\AndroidManifest.xml:52:17-69
	android:name
		ADDED from smartbreathbluetooth\src\AndroidManifest.xml:52:25-66
category#android.intent.category.LAUNCHER
ADDED from smartbreathbluetooth\src\AndroidManifest.xml:54:17-77
	android:name
		ADDED from smartbreathbluetooth\src\AndroidManifest.xml:54:27-74
activity#com.cypress.cysmart.HomePageActivity
ADDED from smartbreathbluetooth\src\AndroidManifest.xml:58:9-100:20
	android:launchMode
		ADDED from smartbreathbluetooth\src\AndroidManifest.xml:61:13-44
	android:windowSoftInputMode
		ADDED from smartbreathbluetooth\src\AndroidManifest.xml:63:13-52
	android:configChanges
		ADDED from smartbreathbluetooth\src\AndroidManifest.xml:60:13-59
	android:theme
		ADDED from smartbreathbluetooth\src\AndroidManifest.xml:62:13-49
	android:name
		ADDED from smartbreathbluetooth\src\AndroidManifest.xml:59:13-64
meta-data#android.app.searchable
ADDED from smartbreathbluetooth\src\AndroidManifest.xml:64:13-66:64
	android:resource
		ADDED from smartbreathbluetooth\src\AndroidManifest.xml:66:17-51
	android:name
		ADDED from smartbreathbluetooth\src\AndroidManifest.xml:65:17-54
intent-filter#action:name:android.intent.action.VIEW+category:name:android.intent.category.DEFAULT+data:mimeType:application/octet-stream+data:pathPattern:.*\\.cyacd+data:scheme:content
ADDED from smartbreathbluetooth\src\AndroidManifest.xml:70:13-77:29
action#android.intent.action.VIEW
ADDED from smartbreathbluetooth\src\AndroidManifest.xml:71:17-69
	android:name
		ADDED from smartbreathbluetooth\src\AndroidManifest.xml:71:25-66
category#android.intent.category.DEFAULT
ADDED from smartbreathbluetooth\src\AndroidManifest.xml:72:17-76
	android:name
		ADDED from smartbreathbluetooth\src\AndroidManifest.xml:72:27-73
data
ADDED from smartbreathbluetooth\src\AndroidManifest.xml:73:17-76:48
	android:host
		ADDED from smartbreathbluetooth\src\AndroidManifest.xml:84:21-37
	android:scheme
		ADDED from smartbreathbluetooth\src\AndroidManifest.xml:76:21-45
	android:pathPattern
		ADDED from smartbreathbluetooth\src\AndroidManifest.xml:75:21-53
	android:mimeType
		ADDED from smartbreathbluetooth\src\AndroidManifest.xml:74:21-64
intent-filter#action:name:android.intent.action.VIEW+category:name:android.intent.category.DEFAULT+data:host:*+data:mimeType:*/*+data:pathPattern:.*\\.cyacd+data:scheme:file
ADDED from smartbreathbluetooth\src\AndroidManifest.xml:80:13-88:29
intent-filter#action:name:android.intent.action.VIEW+category:name:android.intent.category.BROWSABLE+category:name:android.intent.category.DEFAULT+data:host:*+data:pathPattern:.*\\.cyacd+data:scheme:http
ADDED from smartbreathbluetooth\src\AndroidManifest.xml:91:13-98:29
category#android.intent.category.BROWSABLE
ADDED from smartbreathbluetooth\src\AndroidManifest.xml:93:17-78
	android:name
		ADDED from smartbreathbluetooth\src\AndroidManifest.xml:93:27-75
activity#com.cypress.cysmart.OTAFirmwareUpdate.OTAFilesListingActivity
ADDED from smartbreathbluetooth\src\AndroidManifest.xml:102:9-108:20
	android:windowSoftInputMode
		ADDED from smartbreathbluetooth\src\AndroidManifest.xml:106:13-52
	android:configChanges
		ADDED from smartbreathbluetooth\src\AndroidManifest.xml:104:13-59
	android:theme
		ADDED from smartbreathbluetooth\src\AndroidManifest.xml:105:13-88
	android:name
		ADDED from smartbreathbluetooth\src\AndroidManifest.xml:103:13-70
activity#com.cypress.cysmart.DataLoggerFragments.DataLoggerHistoryList
ADDED from smartbreathbluetooth\src\AndroidManifest.xml:109:9-115:20
	android:windowSoftInputMode
		ADDED from smartbreathbluetooth\src\AndroidManifest.xml:113:13-52
	android:configChanges
		ADDED from smartbreathbluetooth\src\AndroidManifest.xml:111:13-59
	android:theme
		ADDED from smartbreathbluetooth\src\AndroidManifest.xml:112:13-88
	android:name
		ADDED from smartbreathbluetooth\src\AndroidManifest.xml:110:13-70
uses-sdk
INJECTED from smartbreathbluetooth\src\AndroidManifest.xml reason: use-sdk injection requested
INJECTED from smartbreathbluetooth\src\AndroidManifest.xml
INJECTED from smartbreathbluetooth\src\AndroidManifest.xml
INJECTED from smartbreathbluetooth\src\AndroidManifest.xml
INJECTED from smartbreathbluetooth\src\AndroidManifest.xml
	android:targetSdkVersion
		INJECTED from smartbreathbluetooth\src\AndroidManifest.xml
		ADDED from smartbreathbluetooth\src\AndroidManifest.xml
		INJECTED from smartbreathbluetooth\src\AndroidManifest.xml
	android:minSdkVersion
		INJECTED from smartbreathbluetooth\src\AndroidManifest.xml
		ADDED from smartbreathbluetooth\src\AndroidManifest.xml
		INJECTED from smartbreathbluetooth\src\AndroidManifest.xml